<?xml version="1.0" encoding="UTF-8"?>
<robot generator="Robot 6.1 (Python 3.11.4 on win32)" generated="20230712 11:04:48.775" rpa="false" schemaversion="4">
<suite id="s1" name="Signup" source="C:\QAx\projects\mark85-robot-express\signup.robot">
<test id="s1-t1" name="Deve poder cadastrar um novo usuário" line="8">
<kw name="New Browser" library="Browser">
<arg>browser=chromium</arg>
<arg>headless=False</arg>
<tag>BrowserControl</tag>
<tag>Setter</tag>
<doc>Create a new playwright Browser with specified options.</doc>
<msg timestamp="20230712 11:04:50.116" level="INFO">{"browser": "chromium", "headless": false, "devtools": false, "handleSIGHUP": true, "handleSIGINT": true, "handleSIGTERM": true, "slowMo": 0.0, "timeout": 30000.0, "tracesDir": "C:\\QAx\\projects\\mark85-robot-express\\logs\\browser\\traces\\e92eff4a-578b-43a1-becf-a22dbcdf3b54"}</msg>
<msg timestamp="20230712 11:04:51.225" level="INFO">Successfully created browser with options: {"browser":"chromium","headless":false,"devtools":false,"handleSIGHUP":true,"handleSIGINT":true,"handleSIGTERM":true,"slowMo":0,"timeout":30000,"tracesDir":"C:\\QAx\\projects\\mark85-robot-express\\logs\\browser\\traces\\e92eff4a-578b-43a1-becf-a22dbcdf3b54"}</msg>
<status status="PASS" starttime="20230712 11:04:50.115" endtime="20230712 11:04:51.225"/>
</kw>
<kw name="New Page" library="Browser">
<arg>http://localhost:3000/signup</arg>
<tag>BrowserControl</tag>
<tag>Setter</tag>
<doc>Open a new Page.</doc>
<msg timestamp="20230712 11:04:52.257" level="INFO">Successfully initialized new page object and opened url: http://localhost:3000/signup</msg>
<msg timestamp="20230712 11:04:52.257" level="INFO">No context was open. New context was automatically opened when this page is created.</msg>
<status status="PASS" starttime="20230712 11:04:51.225" endtime="20230712 11:04:52.257"/>
</kw>
<kw name="Wait For Elements State" library="Browser">
<arg>css=h1</arg>
<arg>visible</arg>
<arg>5</arg>
<tag>PageContent</tag>
<tag>Wait</tag>
<doc>Waits for the element found by ``selector`` to satisfy state option.</doc>
<msg timestamp="20230712 11:04:52.306" level="INFO">Waited for Element with selector css=h1 at state visible</msg>
<status status="PASS" starttime="20230712 11:04:52.259" endtime="20230712 11:04:52.306"/>
</kw>
<kw name="Get Text" library="Browser">
<arg>css=h1</arg>
<arg>equal</arg>
<arg>Faça seu cadastro</arg>
<tag>Assertion</tag>
<tag>Getter</tag>
<tag>PageContent</tag>
<doc>Returns text attribute of the element found by ``selector``.</doc>
<msg timestamp="20230712 11:04:52.349" level="INFO">Text: 'Faça seu cadastro'</msg>
<status status="PASS" starttime="20230712 11:04:52.306" endtime="20230712 11:04:52.349"/>
</kw>
<kw name="Sleep" library="BuiltIn">
<arg>10</arg>
<doc>Pauses the test executed for the given time.</doc>
<msg timestamp="20230712 11:05:02.351" level="INFO">Slept 10 seconds</msg>
<status status="PASS" starttime="20230712 11:04:52.350" endtime="20230712 11:05:02.351"/>
</kw>
<status status="PASS" starttime="20230712 11:04:50.105" endtime="20230712 11:05:02.351"/>
</test>
<doc>Cenários de testes do cadastro do usuário</doc>
<status status="PASS" starttime="20230712 11:04:48.786" endtime="20230712 11:05:02.443"/>
</suite>
<statistics>
<total>
<stat pass="1" fail="0" skip="0">All Tests</stat>
</total>
<tag>
</tag>
<suite>
<stat pass="1" fail="0" skip="0" id="s1" name="Signup">Signup</stat>
</suite>
</statistics>
<errors>
</errors>
</robot>
