<?xml version="1.0" encoding="UTF-8"?>
<robot generator="Robot 6.1 (Python 3.11.4 on win32)" generated="20230717 12:30:47.562" rpa="false" schemaversion="4">
<suite id="s1" name="Create" source="C:\qaxRobotFramework\projects\mark85-robot-express\tests\tasks\create.robot">
<test id="s1-t1" name="Deve poder cadastrar uma nova tarefa" line="9">
<kw name="Get fixture" library="base">
<var>${data}</var>
<arg>tasks</arg>
<arg>create</arg>
<kw name="Load Json From File" library="JSONLibrary">
<var>${data}</var>
<arg>${EXECDIR}/resources/fixtures/${file_name}.json</arg>
<arg>encoding=utf-8</arg>
<doc>Load JSON from file.</doc>
<msg timestamp="20230717 12:30:49.237" level="INFO">${data} = {'create': {'user': {'name': 'Steve Jobs', 'email': 'jobs@apple.com', 'password': 'pwd123'}, 'taks': {'name': 'Criar uma nova versão do Ipod', 'tasks': ['ios', 'music', 'ipod']}}}</msg>
<status status="PASS" starttime="20230717 12:30:49.236" endtime="20230717 12:30:49.237"/>
</kw>
<msg timestamp="20230717 12:30:49.237" level="INFO">${data} = {'user': {'name': 'Steve Jobs', 'email': 'jobs@apple.com', 'password': 'pwd123'}, 'taks': {'name': 'Criar uma nova versão do Ipod', 'tasks': ['ios', 'music', 'ipod']}}</msg>
<status status="PASS" starttime="20230717 12:30:49.236" endtime="20230717 12:30:49.237"/>
</kw>
<kw name="Log" library="BuiltIn">
<arg>${data}</arg>
<doc>Logs the given message with the given level.</doc>
<msg timestamp="20230717 12:30:49.238" level="INFO">{'user': {'name': 'Steve Jobs', 'email': 'jobs@apple.com', 'password': 'pwd123'}, 'taks': {'name': 'Criar uma nova versão do Ipod', 'tasks': ['ios', 'music', 'ipod']}}</msg>
<status status="PASS" starttime="20230717 12:30:49.237" endtime="20230717 12:30:49.238"/>
</kw>
<status status="PASS" starttime="20230717 12:30:49.233" endtime="20230717 12:30:49.238"/>
</test>
<doc>Cenários de cadastro de tarefas</doc>
<status status="PASS" starttime="20230717 12:30:47.564" endtime="20230717 12:30:49.249"/>
</suite>
<statistics>
<total>
<stat pass="1" fail="0" skip="0">All Tests</stat>
</total>
<tag>
</tag>
<suite>
<stat pass="1" fail="0" skip="0" id="s1" name="Create">Create</stat>
</suite>
</statistics>
<errors>
</errors>
</robot>
